2025-02-21 16:17:16,360 INFO    MainThread:148811 [wandb_setup.py:_flush():67] Current SDK version is 0.19.7
2025-02-21 16:17:16,360 INFO    MainThread:148811 [wandb_setup.py:_flush():67] Configure stats pid to 148811
2025-02-21 16:17:16,360 INFO    MainThread:148811 [wandb_setup.py:_flush():67] Loading settings from /home/tiger/.config/wandb/settings
2025-02-21 16:17:16,360 INFO    MainThread:148811 [wandb_setup.py:_flush():67] Loading settings from /opt/tiger/R1-Multimodal-Journey/local_scripts/wandb/settings
2025-02-21 16:17:16,360 INFO    MainThread:148811 [wandb_setup.py:_flush():67] Loading settings from environment variables
2025-02-21 16:17:16,360 INFO    MainThread:148811 [wandb_init.py:setup_run_log_directory():647] Logging user logs to /opt/tiger/R1-Multimodal-Journey/local_scripts/wandb/offline-run-20250221_161716-v6bjn6xa/logs/debug.log
2025-02-21 16:17:16,360 INFO    MainThread:148811 [wandb_init.py:setup_run_log_directory():648] Logging internal logs to /opt/tiger/R1-Multimodal-Journey/local_scripts/wandb/offline-run-20250221_161716-v6bjn6xa/logs/debug-internal.log
2025-02-21 16:17:16,360 INFO    MainThread:148811 [wandb_init.py:init():761] calling init triggers
2025-02-21 16:17:16,361 INFO    MainThread:148811 [wandb_init.py:init():766] wandb.init called with sweep_config: {}
config: {'_wandb': {}}
2025-02-21 16:17:16,361 INFO    MainThread:148811 [wandb_init.py:init():784] starting backend
2025-02-21 16:17:16,569 INFO    MainThread:148811 [wandb_init.py:init():788] sending inform_init request
2025-02-21 16:17:16,573 INFO    MainThread:148811 [backend.py:_multiprocessing_setup():97] multiprocessing start_methods=fork,spawn,forkserver, using: spawn
2025-02-21 16:17:16,573 INFO    MainThread:148811 [wandb_init.py:init():803] backend started and connected
2025-02-21 16:17:16,574 INFO    MainThread:148811 [wandb_init.py:init():896] updated telemetry
2025-02-21 16:17:16,579 INFO    MainThread:148811 [wandb_init.py:init():920] communicating run to backend with 90.0 second timeout
2025-02-21 16:17:16,890 INFO    MainThread:148811 [wandb_init.py:init():995] starting run threads in backend
2025-02-21 16:17:17,139 INFO    MainThread:148811 [wandb_run.py:_console_start():2377] atexit reg
2025-02-21 16:17:17,139 INFO    MainThread:148811 [wandb_run.py:_redirect():2227] redirect: wrap_raw
2025-02-21 16:17:17,139 INFO    MainThread:148811 [wandb_run.py:_redirect():2292] Wrapping output streams.
2025-02-21 16:17:17,140 INFO    MainThread:148811 [wandb_run.py:_redirect():2317] Redirects installed.
2025-02-21 16:17:17,143 INFO    MainThread:148811 [wandb_init.py:init():1037] run started, returning control to user process
2025-02-21 16:20:13,059 WARNING MsgRouterThr:148811 [router.py:message_loop():77] message_loop has been closed
Traceback (most recent call last):
  File "/home/tiger/.local/lib/python3.11/site-packages/wandb/sdk/interface/router_sock.py", line 28, in _read_message
    resp = self._sock_client.read_server_response(timeout=1)
           ^^^^^^^^^^^^^^^^^^^^^^^^^^^^^^^^^^^^^^^^^^^^^^^^^
  File "/home/tiger/.local/lib/python3.11/site-packages/wandb/sdk/lib/sock_client.py", line 285, in read_server_response
    data = self._read_packet_bytes(timeout=timeout)
           ^^^^^^^^^^^^^^^^^^^^^^^^^^^^^^^^^^^^^^^^
  File "/home/tiger/.local/lib/python3.11/site-packages/wandb/sdk/lib/sock_client.py", line 270, in _read_packet_bytes
    raise SockClientClosedError
wandb.sdk.lib.sock_client.SockClientClosedError

The above exception was the direct cause of the following exception:

Traceback (most recent call last):
  File "/home/tiger/.local/lib/python3.11/site-packages/wandb/sdk/interface/router.py", line 70, in message_loop
    msg = self._read_message()
          ^^^^^^^^^^^^^^^^^^^^
  File "/home/tiger/.local/lib/python3.11/site-packages/wandb/sdk/interface/router_sock.py", line 30, in _read_message
    raise MessageRouterClosedError from e
wandb.sdk.interface.router.MessageRouterClosedError
2025-02-21 16:20:13,060 INFO    MsgRouterThr:148811 [mailbox.py:close():115] Closing mailbox, abandoning 0 handles.
